生成启动时间为 2015/5/11 22:17:38。
     1>项目“C:\Users\59715_000\Desktop\demo\demo+test\bank account management v3\bank account management v3\bank account management v3.vcxproj”在节点 2 上(build 个目标)。
     1>InitializeBuildStatus:
         正在创建“Debug\bank account management v3.unsuccessfulbuild”，因为已指定“AlwaysCreate”。
       ClCompile:
         D:\program file\Microsoft Visual Studio 10.0\VC\bin\CL.exe /c /ZI /nologo /W3 /WX- /Od /Oy- /D WIN32 /D _DEBUG /D _CONSOLE /D _UNICODE /D UNICODE /Gm /EHsc /RTC1 /MDd /GS /fp:precise /Zc:wchar_t /Zc:forScope /Fo"Debug\\" /Fd"Debug\vc100.pdb" /Gd /TP /analyze- /errorReport:prompt v3.cpp
         v3.cpp
       ManifestResourceCompile:
         所有输出均为最新。
       Link:
         D:\program file\Microsoft Visual Studio 10.0\VC\bin\link.exe /ERRORREPORT:PROMPT /OUT:"C:\Users\59715_000\Desktop\demo\demo+test\bank account management v3\Debug\bank account management v3.exe" /INCREMENTAL /NOLOGO kernel32.lib user32.lib gdi32.lib winspool.lib comdlg32.lib advapi32.lib shell32.lib ole32.lib oleaut32.lib uuid.lib odbc32.lib odbccp32.lib /MANIFEST /ManifestFile:"Debug\bank account management v3.exe.intermediate.manifest" /MANIFESTUAC:"level='asInvoker' uiAccess='false'" /DEBUG /PDB:"C:\Users\59715_000\Desktop\demo\demo+test\bank account management v3\Debug\bank account management v3.pdb" /SUBSYSTEM:CONSOLE /TLBID:1 /DYNAMICBASE /NXCOMPAT /IMPLIB:"C:\Users\59715_000\Desktop\demo\demo+test\bank account management v3\Debug\bank account management v3.lib" /MACHINE:X86 "Debug\bank account management v3.exe.embed.manifest.res"
         Debug\date.obj
         Debug\v3.obj
         Debug\v3_main.obj
       Manifest:
         C:\Program Files (x86)\Microsoft SDKs\Windows\v7.0A\bin\mt.exe /nologo /verbose /out:"Debug\bank account management v3.exe.embed.manifest" /manifest "Debug\bank account management v3.exe.intermediate.manifest"
         所有输出均为最新。
       LinkEmbedManifest:
         所有输出均为最新。
         bank account management v3.vcxproj -> C:\Users\59715_000\Desktop\demo\demo+test\bank account management v3\Debug\bank account management v3.exe
       FinalizeBuildStatus:
         正在删除文件“Debug\bank account management v3.unsuccessfulbuild”。
         正在对“Debug\bank account management v3.lastbuildstate”执行 Touch 任务。
     1>已完成生成项目“C:\Users\59715_000\Desktop\demo\demo+test\bank account management v3\bank account management v3\bank account management v3.vcxproj”(build 个目标)的操作。

生成成功。

已用时间 00:00:00.64
